
=== Fri Mar 31 15:20:33 2023

Packages were changed.
Update Mode: mergeDefaultDependencies

The following packages were added:
  com.unity.modules.ai@1.0.0
  com.unity.modules.androidjni@1.0.0
  com.unity.modules.animation@1.0.0
  com.unity.modules.assetbundle@1.0.0
  com.unity.modules.audio@1.0.0
  com.unity.modules.cloth@1.0.0
  com.unity.modules.director@1.0.0
  com.unity.modules.imageconversion@1.0.0
  com.unity.modules.imgui@1.0.0
  com.unity.modules.jsonserialize@1.0.0
  com.unity.modules.particlesystem@1.0.0
  com.unity.modules.physics@1.0.0
  com.unity.modules.physics2d@1.0.0
  com.unity.modules.screencapture@1.0.0
  com.unity.modules.terrain@1.0.0
  com.unity.modules.terrainphysics@1.0.0
  com.unity.modules.tilemap@1.0.0
  com.unity.modules.ui@1.0.0
  com.unity.modules.uielements@1.0.0
  com.unity.modules.umbra@1.0.0
  com.unity.modules.unityanalytics@1.0.0
  com.unity.modules.unitywebrequest@1.0.0
  com.unity.modules.unitywebrequestassetbundle@1.0.0
  com.unity.modules.unitywebrequestaudio@1.0.0
  com.unity.modules.unitywebrequesttexture@1.0.0
  com.unity.modules.unitywebrequestwww@1.0.0
  com.unity.modules.vehicles@1.0.0
  com.unity.modules.video@1.0.0
  com.unity.modules.vr@1.0.0
  com.unity.modules.wind@1.0.0
  com.unity.modules.xr@1.0.0
The following packages were updated:
  com.unity.collab-proxy from version 1.9.0 to 1.17.7
  com.unity.ide.rider from version 3.0.7 to 3.0.16
  com.unity.ide.visualstudio from version 2.0.11 to 2.0.16
  com.unity.ide.vscode from version 1.2.4 to 1.2.5
  com.unity.test-framework from version 1.1.29 to 1.1.31
  com.unity.timeline from version 1.6.2 to 1.6.4
  com.unity.visualscripting from version 1.7.2 to 1.7.8

=== Fri Mar 31 15:49:07 2023

Packages were changed.
Update Mode: updateDependencies

The following packages were updated:
  com.unity.collab-proxy from version 1.2.16 to 1.17.7
  com.unity.ide.rider from version 1.1.4 to 3.0.16
  com.unity.ide.vscode from version 1.2.3 to 1.2.5
  com.unity.test-framework from version 1.1.20 to 1.1.31
  com.unity.textmeshpro from version 2.1.1 to 3.0.6
  com.unity.timeline from version 1.2.17 to 1.6.4

=== Fri Mar 31 15:49:08 2023

Packages were changed.
Update Mode: mergeDefaultDependencies

The following packages were added:
  com.unity.2d.sprite@1.0.0

=== Tue Apr  4 13:12:54 2023

Packages were changed.
Update Mode: updateDependencies

The following packages were updated:
  com.unity.collab-proxy from version 1.2.16 to 1.17.7
  com.unity.ide.rider from version 1.1.4 to 3.0.16
  com.unity.ide.vscode from version 1.2.3 to 1.2.5
  com.unity.test-framework from version 1.1.20 to 1.1.31
  com.unity.textmeshpro from version 2.1.1 to 3.0.6
  com.unity.timeline from version 1.2.17 to 1.6.4

=== Wed Apr  5 15:08:22 2023

Packages were changed.
Update Mode: updateDependencies

The following packages were updated:
  com.unity.collab-proxy from version 1.2.16 to 1.17.7
  com.unity.ide.rider from version 1.1.4 to 3.0.16
  com.unity.ide.vscode from version 1.2.3 to 1.2.5
  com.unity.test-framework from version 1.1.20 to 1.1.31
  com.unity.textmeshpro from version 2.1.1 to 3.0.6
  com.unity.timeline from version 1.2.17 to 1.6.4

=== Thu Apr  6 14:12:39 2023

Packages were changed.
Update Mode: updateDependencies

The following packages were updated:
  com.unity.collab-proxy from version 1.2.16 to 1.17.7
  com.unity.ide.rider from version 1.1.4 to 3.0.16
  com.unity.ide.vscode from version 1.2.3 to 1.2.5
  com.unity.test-framework from version 1.1.20 to 1.1.31
  com.unity.textmeshpro from version 2.1.1 to 3.0.6
  com.unity.timeline from version 1.2.17 to 1.6.4

=== Fri Apr  7 16:41:42 2023

Packages were changed.
Update Mode: updateDependencies

The following packages were updated:
  com.unity.collab-proxy from version 1.2.16 to 1.17.7
  com.unity.ide.rider from version 1.1.4 to 3.0.16
  com.unity.ide.vscode from version 1.2.3 to 1.2.5
  com.unity.test-framework from version 1.1.20 to 1.1.31
  com.unity.textmeshpro from version 2.1.1 to 3.0.6
  com.unity.timeline from version 1.2.17 to 1.6.4

=== Fri Apr  7 16:51:19 2023

Packages were changed.
Update Mode: updateDependencies

The following packages were updated:
  com.unity.collab-proxy from version 1.2.16 to 1.17.7
  com.unity.ide.rider from version 1.1.4 to 3.0.16
  com.unity.ide.vscode from version 1.2.3 to 1.2.5
  com.unity.test-framework from version 1.1.20 to 1.1.31
  com.unity.textmeshpro from version 2.1.1 to 3.0.6
  com.unity.timeline from version 1.2.17 to 1.6.4
